<?xml version="1.0" encoding="UTF-8"?>
<testng-results ignored="0" total="1" passed="1" failed="0" skipped="0">
  <reporter-output>
  </reporter-output>
  <suite started-at="2022-05-08T14:55:44 IST" name="Suite" finished-at="2022-05-08T14:57:06 IST" duration-ms="82442">
    <groups>
    </groups>
    <test started-at="2022-05-08T14:55:44 IST" name="Test" finished-at="2022-05-08T14:57:06 IST" duration-ms="82442">
      <class name="TESTVagrant.Verify_Date_Country_Test">
        <test-method signature="CompareDate_Country()[pri:0, instance:TESTVagrant.Verify_Date_Country_Test@7e5afaa6]" started-at="2022-05-08T14:55:44 IST" name="CompareDate_Country" finished-at="2022-05-08T14:57:06 IST" duration-ms="81983" status="PASS">
          <reporter-output>
          </reporter-output>
        </test-method> <!-- CompareDate_Country -->
      </class> <!-- TESTVagrant.Verify_Date_Country_Test -->
    </test> <!-- Test -->
  </suite> <!-- Suite -->
</testng-results>
